Performing C++ SOURCE FILE Test CMAKE_HAVE_LIBC_PTHREAD failed with the following output:
Change Dir: /home/igor/Code/QT/build-Ident-CLang12-Release/CMakeFiles/CMakeTmp

Run Build Command(s):/usr/bin/gmake cmTC_839db/fast && /usr/bin/gmake -f CMakeFiles/cmTC_839db.dir/build.make CMakeFiles/cmTC_839db.dir/build
gmake[1]: вход в каталог «/home/igor/Code/QT/build-Ident-CLang12-Release/CMakeFiles/CMakeTmp»
Building CXX object CMakeFiles/cmTC_839db.dir/src.cxx.o
/usr/bin/clang++-12    -DCMAKE_HAVE_LIBC_PTHREAD   -std=gnu++17 -o CMakeFiles/cmTC_839db.dir/src.cxx.o -c /home/igor/Code/QT/build-Ident-CLang12-Release/CMakeFiles/CMakeTmp/src.cxx
Linking CXX executable cmTC_839db
/usr/bin/cmake -E cmake_link_script CMakeFiles/cmTC_839db.dir/link.txt --verbose=1
/usr/bin/clang++-12   -DCMAKE_HAVE_LIBC_PTHREAD    CMakeFiles/cmTC_839db.dir/src.cxx.o  -o cmTC_839db 
ld: CMakeFiles/cmTC_839db.dir/src.cxx.o: в функции «main»:
src.cxx:(.text+0x35): неопределённая ссылка на «pthread_create»
ld: src.cxx:(.text+0x3e): неопределённая ссылка на «pthread_detach»
ld: src.cxx:(.text+0x4b): неопределённая ссылка на «pthread_join»
clang-12: error: linker command failed with exit code 1 (use -v to see invocation)
gmake[1]: *** [CMakeFiles/cmTC_839db.dir/build.make:87: cmTC_839db] Ошибка 1
gmake[1]: выход из каталога «/home/igor/Code/QT/build-Ident-CLang12-Release/CMakeFiles/CMakeTmp»
gmake: *** [Makefile:121: cmTC_839db/fast] Ошибка 2


Source file was:
#include <pthread.h>

void* test_func(void* data)
{
  return data;
}

int main(void)
{
  pthread_t thread;
  pthread_create(&thread, NULL, test_func, NULL);
  pthread_detach(thread);
  pthread_join(thread, NULL);
  pthread_atfork(NULL, NULL, NULL);
  pthread_exit(NULL);

  return 0;
}

Determining if the function pthread_create exists in the pthreads failed with the following output:
Change Dir: /home/igor/Code/QT/build-Ident-CLang12-Release/CMakeFiles/CMakeTmp

Run Build Command(s):/usr/bin/gmake cmTC_cc3c6/fast && /usr/bin/gmake -f CMakeFiles/cmTC_cc3c6.dir/build.make CMakeFiles/cmTC_cc3c6.dir/build
gmake[1]: вход в каталог «/home/igor/Code/QT/build-Ident-CLang12-Release/CMakeFiles/CMakeTmp»
Building CXX object CMakeFiles/cmTC_cc3c6.dir/CheckFunctionExists.cxx.o
/usr/bin/clang++-12    -DCHECK_FUNCTION_EXISTS=pthread_create   -std=gnu++17 -o CMakeFiles/cmTC_cc3c6.dir/CheckFunctionExists.cxx.o -c /home/igor/Code/QT/build-Ident-CLang12-Release/CMakeFiles/CheckLibraryExists/CheckFunctionExists.cxx
Linking CXX executable cmTC_cc3c6
/usr/bin/cmake -E cmake_link_script CMakeFiles/cmTC_cc3c6.dir/link.txt --verbose=1
/usr/bin/clang++-12   -DCHECK_FUNCTION_EXISTS=pthread_create    CMakeFiles/cmTC_cc3c6.dir/CheckFunctionExists.cxx.o  -o cmTC_cc3c6  -lpthreads 
ld: невозможно найти -lpthreads
clang-12: error: linker command failed with exit code 1 (use -v to see invocation)
gmake[1]: *** [CMakeFiles/cmTC_cc3c6.dir/build.make:87: cmTC_cc3c6] Ошибка 1
gmake[1]: выход из каталога «/home/igor/Code/QT/build-Ident-CLang12-Release/CMakeFiles/CMakeTmp»
gmake: *** [Makefile:121: cmTC_cc3c6/fast] Ошибка 2



