The system is: Linux - 5.10.118-std-def-alt1 - x86_64
Compiling the CXX compiler identification source file "CMakeCXXCompilerId.cpp" succeeded.
Compiler: /usr/bin/clang++-12 
Build flags: 
Id flags:  

The output was:
0


Compilation of the CXX compiler identification source "CMakeCXXCompilerId.cpp" produced "a.out"

The CXX compiler identification is Clang, found in "/home/igor/Code/QT/build-Ident-CLang12-Release/CMakeFiles/3.16.3/CompilerIdCXX/a.out"

Determining if the CXX compiler works passed with the following output:
Change Dir: /home/igor/Code/QT/build-Ident-CLang12-Release/CMakeFiles/CMakeTmp

Run Build Command(s):/usr/bin/gmake cmTC_2788a/fast && /usr/bin/gmake -f CMakeFiles/cmTC_2788a.dir/build.make CMakeFiles/cmTC_2788a.dir/build
gmake[1]: вход в каталог «/home/igor/Code/QT/build-Ident-CLang12-Release/CMakeFiles/CMakeTmp»
Building CXX object CMakeFiles/cmTC_2788a.dir/testCXXCompiler.cxx.o
/usr/bin/clang++-12     -o CMakeFiles/cmTC_2788a.dir/testCXXCompiler.cxx.o -c /home/igor/Code/QT/build-Ident-CLang12-Release/CMakeFiles/CMakeTmp/testCXXCompiler.cxx
Linking CXX executable cmTC_2788a
/usr/bin/cmake -E cmake_link_script CMakeFiles/cmTC_2788a.dir/link.txt --verbose=1
/usr/bin/clang++-12       CMakeFiles/cmTC_2788a.dir/testCXXCompiler.cxx.o  -o cmTC_2788a 
gmake[1]: выход из каталога «/home/igor/Code/QT/build-Ident-CLang12-Release/CMakeFiles/CMakeTmp»



Detecting CXX compiler ABI info compiled with the following output:
Change Dir: /home/igor/Code/QT/build-Ident-CLang12-Release/CMakeFiles/CMakeTmp

Run Build Command(s):/usr/bin/gmake cmTC_d49e7/fast && /usr/bin/gmake -f CMakeFiles/cmTC_d49e7.dir/build.make CMakeFiles/cmTC_d49e7.dir/build
gmake[1]: Entering directory '/home/igor/Code/QT/build-Ident-CLang12-Release/CMakeFiles/CMakeTmp'
Building CXX object CMakeFiles/cmTC_d49e7.dir/CMakeCXXCompilerABI.cpp.o
/usr/bin/clang++-12    -v -o CMakeFiles/cmTC_d49e7.dir/CMakeCXXCompilerABI.cpp.o -c /usr/share/cmake/Modules/CMakeCXXCompilerABI.cpp
ALT Linux Team clang version 12.0.1
Target: x86_64-unknown-linux-gnu
Thread model: posix
InstalledDir: /usr/bin
Found candidate GCC installation: /usr/bin/../lib/gcc/i586-alt-linux/10
Found candidate GCC installation: /usr/bin/../lib/gcc/x86_64-linux-gnu/8
Found candidate GCC installation: /usr/bin/../lib64/gcc/x86_64-alt-linux/10
Found candidate GCC installation: /usr/bin/../lib64/gcc/x86_64-alt-linux/8
Found candidate GCC installation: /usr/lib/gcc/i586-alt-linux/10
Found candidate GCC installation: /usr/lib/gcc/x86_64-linux-gnu/8
Found candidate GCC installation: /usr/lib64/gcc/x86_64-alt-linux/10
Found candidate GCC installation: /usr/lib64/gcc/x86_64-alt-linux/8
Selected GCC installation: /usr/bin/../lib64/gcc/x86_64-alt-linux/10
Candidate multilib: .;@m64
Selected multilib: .;@m64
 (in-process)
 "/usr/lib/llvm-12.0/bin/clang-12" -cc1 -triple x86_64-unknown-linux-gnu -emit-obj -mrelax-all --mrelax-relocations -disable-free -disable-llvm-verifier -discard-value-names -main-file-name CMakeCXXCompilerABI.cpp -mrelocation-model static -mframe-pointer=all -fmath-errno -fno-rounding-math -mconstructor-aliases -munwind-tables -target-cpu x86-64 -tune-cpu generic -fno-split-dwarf-inlining -debugger-tuning=gdb -v -resource-dir /usr/lib/llvm-12.0/lib64/clang/12.0.1 -internal-isystem /usr/bin/../lib64/gcc/x86_64-alt-linux/10/../../../../include/c++/10 -internal-isystem /usr/bin/../lib64/gcc/x86_64-alt-linux/10/../../../../include/c++/10/x86_64-alt-linux -internal-isystem /usr/bin/../lib64/gcc/x86_64-alt-linux/10/../../../../include/c++/10/backward -internal-isystem /usr/local/include -internal-isystem /usr/lib/llvm-12.0/lib64/clang/12.0.1/include -internal-externc-isystem /include -internal-externc-isystem /usr/include -fdeprecated-macro -fdebug-compilation-dir /home/igor/Code/QT/build-Ident-CLang12-Release/CMakeFiles/CMakeTmp -ferror-limit 19 -fgnuc-version=4.2.1 -fcxx-exceptions -fexceptions -dwarf-debug-flags "/usr/lib/llvm-12.0/bin/clang-12 --driver-mode=g++ -v -o CMakeFiles/cmTC_d49e7.dir/CMakeCXXCompilerABI.cpp.o -c /usr/share/cmake/Modules/CMakeCXXCompilerABI.cpp" -faddrsig -o CMakeFiles/cmTC_d49e7.dir/CMakeCXXCompilerABI.cpp.o -x c++ /usr/share/cmake/Modules/CMakeCXXCompilerABI.cpp
clang -cc1 version 12.0.1 based upon LLVM 12.0.1 default target x86_64-unknown-linux-gnu
ignoring nonexistent directory "/include"
#include "..." search starts here:
#include <...> search starts here:
 /usr/bin/../lib64/gcc/x86_64-alt-linux/10/../../../../include/c++/10
 /usr/bin/../lib64/gcc/x86_64-alt-linux/10/../../../../include/c++/10/x86_64-alt-linux
 /usr/bin/../lib64/gcc/x86_64-alt-linux/10/../../../../include/c++/10/backward
 /usr/local/include
 /usr/lib/llvm-12.0/lib64/clang/12.0.1/include
 /usr/include
End of search list.
Linking CXX executable cmTC_d49e7
/usr/bin/cmake -E cmake_link_script CMakeFiles/cmTC_d49e7.dir/link.txt --verbose=1
/usr/bin/clang++-12      -v CMakeFiles/cmTC_d49e7.dir/CMakeCXXCompilerABI.cpp.o  -o cmTC_d49e7 
ALT Linux Team clang version 12.0.1
Target: x86_64-unknown-linux-gnu
Thread model: posix
InstalledDir: /usr/bin
Found candidate GCC installation: /usr/bin/../lib/gcc/i586-alt-linux/10
Found candidate GCC installation: /usr/bin/../lib/gcc/x86_64-linux-gnu/8
Found candidate GCC installation: /usr/bin/../lib64/gcc/x86_64-alt-linux/10
Found candidate GCC installation: /usr/bin/../lib64/gcc/x86_64-alt-linux/8
Found candidate GCC installation: /usr/lib/gcc/i586-alt-linux/10
Found candidate GCC installation: /usr/lib/gcc/x86_64-linux-gnu/8
Found candidate GCC installation: /usr/lib64/gcc/x86_64-alt-linux/10
Found candidate GCC installation: /usr/lib64/gcc/x86_64-alt-linux/8
Selected GCC installation: /usr/bin/../lib64/gcc/x86_64-alt-linux/10
Candidate multilib: .;@m64
Selected multilib: .;@m64
 "/usr/bin/ld" --eh-frame-hdr -m elf_x86_64 -dynamic-linker /lib64/ld-linux-x86-64.so.2 -o cmTC_d49e7 /usr/bin/../lib64/gcc/x86_64-alt-linux/10/../../../../lib64/crt1.o /usr/bin/../lib64/gcc/x86_64-alt-linux/10/../../../../lib64/crti.o /usr/bin/../lib64/gcc/x86_64-alt-linux/10/crtbegin.o -L/usr/bin/../lib64/gcc/x86_64-alt-linux/10 -L/usr/bin/../lib64/gcc/x86_64-alt-linux/10/../../../../lib64 -L/usr/lib/llvm-12.0/bin/../lib64 -L/lib/../lib64 -L/usr/lib/../lib64 -L/usr/bin/../lib64/gcc/x86_64-alt-linux/10/../../.. -L/lib -L/usr/lib CMakeFiles/cmTC_d49e7.dir/CMakeCXXCompilerABI.cpp.o -lstdc++ -lm -lgcc_s -lgcc -lc -lgcc_s -lgcc /usr/bin/../lib64/gcc/x86_64-alt-linux/10/crtend.o /usr/bin/../lib64/gcc/x86_64-alt-linux/10/../../../../lib64/crtn.o
gmake[1]: Leaving directory '/home/igor/Code/QT/build-Ident-CLang12-Release/CMakeFiles/CMakeTmp'



Parsed CXX implicit include dir info from above output: rv=done
  found start of include info
  found start of implicit include info
    add: [/usr/bin/../lib64/gcc/x86_64-alt-linux/10/../../../../include/c++/10]
    add: [/usr/bin/../lib64/gcc/x86_64-alt-linux/10/../../../../include/c++/10/x86_64-alt-linux]
    add: [/usr/bin/../lib64/gcc/x86_64-alt-linux/10/../../../../include/c++/10/backward]
    add: [/usr/local/include]
    add: [/usr/lib/llvm-12.0/lib64/clang/12.0.1/include]
    add: [/usr/include]
  end of search list found
  collapse include dir [/usr/bin/../lib64/gcc/x86_64-alt-linux/10/../../../../include/c++/10] ==> [/usr/include/c++/10]
  collapse include dir [/usr/bin/../lib64/gcc/x86_64-alt-linux/10/../../../../include/c++/10/x86_64-alt-linux] ==> [/usr/include/c++/10/x86_64-alt-linux]
  collapse include dir [/usr/bin/../lib64/gcc/x86_64-alt-linux/10/../../../../include/c++/10/backward] ==> [/usr/include/c++/10/backward]
  collapse include dir [/usr/local/include] ==> [/usr/local/include]
  collapse include dir [/usr/lib/llvm-12.0/lib64/clang/12.0.1/include] ==> [/usr/lib/llvm-12.0/lib64/clang/12.0.1/include]
  collapse include dir [/usr/include] ==> [/usr/include]
  implicit include dirs: [/usr/include/c++/10;/usr/include/c++/10/x86_64-alt-linux;/usr/include/c++/10/backward;/usr/local/include;/usr/lib/llvm-12.0/lib64/clang/12.0.1/include;/usr/include]


Parsed CXX implicit link information from above output:
  link line regex: [^( *|.*[/\])(ld|CMAKE_LINK_STARTFILE-NOTFOUND|([^/\]+-)?ld|collect2)[^/\]*( |$)]
  ignore line: [Change Dir: /home/igor/Code/QT/build-Ident-CLang12-Release/CMakeFiles/CMakeTmp]
  ignore line: []
  ignore line: [Run Build Command(s):/usr/bin/gmake cmTC_d49e7/fast && /usr/bin/gmake -f CMakeFiles/cmTC_d49e7.dir/build.make CMakeFiles/cmTC_d49e7.dir/build]
  ignore line: [gmake[1]: Entering directory '/home/igor/Code/QT/build-Ident-CLang12-Release/CMakeFiles/CMakeTmp']
  ignore line: [Building CXX object CMakeFiles/cmTC_d49e7.dir/CMakeCXXCompilerABI.cpp.o]
  ignore line: [/usr/bin/clang++-12    -v -o CMakeFiles/cmTC_d49e7.dir/CMakeCXXCompilerABI.cpp.o -c /usr/share/cmake/Modules/CMakeCXXCompilerABI.cpp]
  ignore line: [ALT Linux Team clang version 12.0.1]
  ignore line: [Target: x86_64-unknown-linux-gnu]
  ignore line: [Thread model: posix]
  ignore line: [InstalledDir: /usr/bin]
  ignore line: [Found candidate GCC installation: /usr/bin/../lib/gcc/i586-alt-linux/10]
  ignore line: [Found candidate GCC installation: /usr/bin/../lib/gcc/x86_64-linux-gnu/8]
  ignore line: [Found candidate GCC installation: /usr/bin/../lib64/gcc/x86_64-alt-linux/10]
  ignore line: [Found candidate GCC installation: /usr/bin/../lib64/gcc/x86_64-alt-linux/8]
  ignore line: [Found candidate GCC installation: /usr/lib/gcc/i586-alt-linux/10]
  ignore line: [Found candidate GCC installation: /usr/lib/gcc/x86_64-linux-gnu/8]
  ignore line: [Found candidate GCC installation: /usr/lib64/gcc/x86_64-alt-linux/10]
  ignore line: [Found candidate GCC installation: /usr/lib64/gcc/x86_64-alt-linux/8]
  ignore line: [Selected GCC installation: /usr/bin/../lib64/gcc/x86_64-alt-linux/10]
  ignore line: [Candidate multilib: .]
  ignore line: [@m64]
  ignore line: [Selected multilib: .]
  ignore line: [@m64]
  ignore line: [ (in-process)]
  ignore line: [ "/usr/lib/llvm-12.0/bin/clang-12" -cc1 -triple x86_64-unknown-linux-gnu -emit-obj -mrelax-all --mrelax-relocations -disable-free -disable-llvm-verifier -discard-value-names -main-file-name CMakeCXXCompilerABI.cpp -mrelocation-model static -mframe-pointer=all -fmath-errno -fno-rounding-math -mconstructor-aliases -munwind-tables -target-cpu x86-64 -tune-cpu generic -fno-split-dwarf-inlining -debugger-tuning=gdb -v -resource-dir /usr/lib/llvm-12.0/lib64/clang/12.0.1 -internal-isystem /usr/bin/../lib64/gcc/x86_64-alt-linux/10/../../../../include/c++/10 -internal-isystem /usr/bin/../lib64/gcc/x86_64-alt-linux/10/../../../../include/c++/10/x86_64-alt-linux -internal-isystem /usr/bin/../lib64/gcc/x86_64-alt-linux/10/../../../../include/c++/10/backward -internal-isystem /usr/local/include -internal-isystem /usr/lib/llvm-12.0/lib64/clang/12.0.1/include -internal-externc-isystem /include -internal-externc-isystem /usr/include -fdeprecated-macro -fdebug-compilation-dir /home/igor/Code/QT/build-Ident-CLang12-Release/CMakeFiles/CMakeTmp -ferror-limit 19 -fgnuc-version=4.2.1 -fcxx-exceptions -fexceptions -dwarf-debug-flags "/usr/lib/llvm-12.0/bin/clang-12 --driver-mode=g++ -v -o CMakeFiles/cmTC_d49e7.dir/CMakeCXXCompilerABI.cpp.o -c /usr/share/cmake/Modules/CMakeCXXCompilerABI.cpp" -faddrsig -o CMakeFiles/cmTC_d49e7.dir/CMakeCXXCompilerABI.cpp.o -x c++ /usr/share/cmake/Modules/CMakeCXXCompilerABI.cpp]
  ignore line: [clang -cc1 version 12.0.1 based upon LLVM 12.0.1 default target x86_64-unknown-linux-gnu]
  ignore line: [ignoring nonexistent directory "/include"]
  ignore line: [#include "..." search starts here:]
  ignore line: [#include <...> search starts here:]
  ignore line: [ /usr/bin/../lib64/gcc/x86_64-alt-linux/10/../../../../include/c++/10]
  ignore line: [ /usr/bin/../lib64/gcc/x86_64-alt-linux/10/../../../../include/c++/10/x86_64-alt-linux]
  ignore line: [ /usr/bin/../lib64/gcc/x86_64-alt-linux/10/../../../../include/c++/10/backward]
  ignore line: [ /usr/local/include]
  ignore line: [ /usr/lib/llvm-12.0/lib64/clang/12.0.1/include]
  ignore line: [ /usr/include]
  ignore line: [End of search list.]
  ignore line: [Linking CXX executable cmTC_d49e7]
  ignore line: [/usr/bin/cmake -E cmake_link_script CMakeFiles/cmTC_d49e7.dir/link.txt --verbose=1]
  ignore line: [/usr/bin/clang++-12      -v CMakeFiles/cmTC_d49e7.dir/CMakeCXXCompilerABI.cpp.o  -o cmTC_d49e7 ]
  ignore line: [ALT Linux Team clang version 12.0.1]
  ignore line: [Target: x86_64-unknown-linux-gnu]
  ignore line: [Thread model: posix]
  ignore line: [InstalledDir: /usr/bin]
  ignore line: [Found candidate GCC installation: /usr/bin/../lib/gcc/i586-alt-linux/10]
  ignore line: [Found candidate GCC installation: /usr/bin/../lib/gcc/x86_64-linux-gnu/8]
  ignore line: [Found candidate GCC installation: /usr/bin/../lib64/gcc/x86_64-alt-linux/10]
  ignore line: [Found candidate GCC installation: /usr/bin/../lib64/gcc/x86_64-alt-linux/8]
  ignore line: [Found candidate GCC installation: /usr/lib/gcc/i586-alt-linux/10]
  ignore line: [Found candidate GCC installation: /usr/lib/gcc/x86_64-linux-gnu/8]
  ignore line: [Found candidate GCC installation: /usr/lib64/gcc/x86_64-alt-linux/10]
  ignore line: [Found candidate GCC installation: /usr/lib64/gcc/x86_64-alt-linux/8]
  ignore line: [Selected GCC installation: /usr/bin/../lib64/gcc/x86_64-alt-linux/10]
  ignore line: [Candidate multilib: .]
  ignore line: [@m64]
  ignore line: [Selected multilib: .]
  ignore line: [@m64]
  link line: [ "/usr/bin/ld" --eh-frame-hdr -m elf_x86_64 -dynamic-linker /lib64/ld-linux-x86-64.so.2 -o cmTC_d49e7 /usr/bin/../lib64/gcc/x86_64-alt-linux/10/../../../../lib64/crt1.o /usr/bin/../lib64/gcc/x86_64-alt-linux/10/../../../../lib64/crti.o /usr/bin/../lib64/gcc/x86_64-alt-linux/10/crtbegin.o -L/usr/bin/../lib64/gcc/x86_64-alt-linux/10 -L/usr/bin/../lib64/gcc/x86_64-alt-linux/10/../../../../lib64 -L/usr/lib/llvm-12.0/bin/../lib64 -L/lib/../lib64 -L/usr/lib/../lib64 -L/usr/bin/../lib64/gcc/x86_64-alt-linux/10/../../.. -L/lib -L/usr/lib CMakeFiles/cmTC_d49e7.dir/CMakeCXXCompilerABI.cpp.o -lstdc++ -lm -lgcc_s -lgcc -lc -lgcc_s -lgcc /usr/bin/../lib64/gcc/x86_64-alt-linux/10/crtend.o /usr/bin/../lib64/gcc/x86_64-alt-linux/10/../../../../lib64/crtn.o]
    arg [/usr/bin/ld] ==> ignore
    arg [--eh-frame-hdr] ==> ignore
    arg [-m] ==> ignore
    arg [elf_x86_64] ==> ignore
    arg [-dynamic-linker] ==> ignore
    arg [/lib64/ld-linux-x86-64.so.2] ==> ignore
    arg [-o] ==> ignore
    arg [cmTC_d49e7] ==> ignore
    arg [/usr/bin/../lib64/gcc/x86_64-alt-linux/10/../../../../lib64/crt1.o] ==> ignore
    arg [/usr/bin/../lib64/gcc/x86_64-alt-linux/10/../../../../lib64/crti.o] ==> ignore
    arg [/usr/bin/../lib64/gcc/x86_64-alt-linux/10/crtbegin.o] ==> ignore
    arg [-L/usr/bin/../lib64/gcc/x86_64-alt-linux/10] ==> dir [/usr/bin/../lib64/gcc/x86_64-alt-linux/10]
    arg [-L/usr/bin/../lib64/gcc/x86_64-alt-linux/10/../../../../lib64] ==> dir [/usr/bin/../lib64/gcc/x86_64-alt-linux/10/../../../../lib64]
    arg [-L/usr/lib/llvm-12.0/bin/../lib64] ==> dir [/usr/lib/llvm-12.0/bin/../lib64]
    arg [-L/lib/../lib64] ==> dir [/lib/../lib64]
    arg [-L/usr/lib/../lib64] ==> dir [/usr/lib/../lib64]
    arg [-L/usr/bin/../lib64/gcc/x86_64-alt-linux/10/../../..] ==> dir [/usr/bin/../lib64/gcc/x86_64-alt-linux/10/../../..]
    arg [-L/lib] ==> dir [/lib]
    arg [-L/usr/lib] ==> dir [/usr/lib]
    arg [CMakeFiles/cmTC_d49e7.dir/CMakeCXXCompilerABI.cpp.o] ==> ignore
    arg [-lstdc++] ==> lib [stdc++]
    arg [-lm] ==> lib [m]
    arg [-lgcc_s] ==> lib [gcc_s]
    arg [-lgcc] ==> lib [gcc]
    arg [-lc] ==> lib [c]
    arg [-lgcc_s] ==> lib [gcc_s]
    arg [-lgcc] ==> lib [gcc]
    arg [/usr/bin/../lib64/gcc/x86_64-alt-linux/10/crtend.o] ==> ignore
    arg [/usr/bin/../lib64/gcc/x86_64-alt-linux/10/../../../../lib64/crtn.o] ==> ignore
  collapse library dir [/usr/bin/../lib64/gcc/x86_64-alt-linux/10] ==> [/usr/lib64/gcc/x86_64-alt-linux/10]
  collapse library dir [/usr/bin/../lib64/gcc/x86_64-alt-linux/10/../../../../lib64] ==> [/usr/lib64]
  collapse library dir [/usr/lib/llvm-12.0/bin/../lib64] ==> [/usr/lib/llvm-12.0/lib64]
  collapse library dir [/lib/../lib64] ==> [/lib64]
  collapse library dir [/usr/lib/../lib64] ==> [/usr/lib64]
  collapse library dir [/usr/bin/../lib64/gcc/x86_64-alt-linux/10/../../..] ==> [/usr/lib64]
  collapse library dir [/lib] ==> [/lib]
  collapse library dir [/usr/lib] ==> [/usr/lib]
  implicit libs: [stdc++;m;gcc_s;gcc;c;gcc_s;gcc]
  implicit dirs: [/usr/lib64/gcc/x86_64-alt-linux/10;/usr/lib64;/usr/lib/llvm-12.0/lib64;/lib64;/lib;/usr/lib]
  implicit fwks: []


Determining if the include file pthread.h exists passed with the following output:
Change Dir: /home/igor/Code/QT/build-Ident-CLang12-Release/CMakeFiles/CMakeTmp

Run Build Command(s):/usr/bin/gmake cmTC_5871b/fast && /usr/bin/gmake -f CMakeFiles/cmTC_5871b.dir/build.make CMakeFiles/cmTC_5871b.dir/build
gmake[1]: вход в каталог «/home/igor/Code/QT/build-Ident-CLang12-Release/CMakeFiles/CMakeTmp»
Building CXX object CMakeFiles/cmTC_5871b.dir/CheckIncludeFile.cxx.o
/usr/bin/clang++-12    -std=gnu++17 -o CMakeFiles/cmTC_5871b.dir/CheckIncludeFile.cxx.o -c /home/igor/Code/QT/build-Ident-CLang12-Release/CMakeFiles/CMakeTmp/CheckIncludeFile.cxx
Linking CXX executable cmTC_5871b
/usr/bin/cmake -E cmake_link_script CMakeFiles/cmTC_5871b.dir/link.txt --verbose=1
/usr/bin/clang++-12       CMakeFiles/cmTC_5871b.dir/CheckIncludeFile.cxx.o  -o cmTC_5871b 
gmake[1]: выход из каталога «/home/igor/Code/QT/build-Ident-CLang12-Release/CMakeFiles/CMakeTmp»



Determining if the function pthread_create exists in the pthread passed with the following output:
Change Dir: /home/igor/Code/QT/build-Ident-CLang12-Release/CMakeFiles/CMakeTmp

Run Build Command(s):/usr/bin/gmake cmTC_86f01/fast && /usr/bin/gmake -f CMakeFiles/cmTC_86f01.dir/build.make CMakeFiles/cmTC_86f01.dir/build
gmake[1]: вход в каталог «/home/igor/Code/QT/build-Ident-CLang12-Release/CMakeFiles/CMakeTmp»
Building CXX object CMakeFiles/cmTC_86f01.dir/CheckFunctionExists.cxx.o
/usr/bin/clang++-12    -DCHECK_FUNCTION_EXISTS=pthread_create   -std=gnu++17 -o CMakeFiles/cmTC_86f01.dir/CheckFunctionExists.cxx.o -c /home/igor/Code/QT/build-Ident-CLang12-Release/CMakeFiles/CheckLibraryExists/CheckFunctionExists.cxx
Linking CXX executable cmTC_86f01
/usr/bin/cmake -E cmake_link_script CMakeFiles/cmTC_86f01.dir/link.txt --verbose=1
/usr/bin/clang++-12   -DCHECK_FUNCTION_EXISTS=pthread_create    CMakeFiles/cmTC_86f01.dir/CheckFunctionExists.cxx.o  -o cmTC_86f01  -lpthread 
gmake[1]: выход из каталога «/home/igor/Code/QT/build-Ident-CLang12-Release/CMakeFiles/CMakeTmp»



